<?xml version="1.0" encoding="UTF-8"?>
<testng-results ignored="0" total="1" passed="1" failed="0" skipped="0">
  <reporter-output>
  </reporter-output>
  <suite started-at="2023-06-28T03:24:20 IST" name="Default suite" finished-at="2023-06-28T03:25:05 IST" duration-ms="44434">
    <groups>
    </groups>
    <test started-at="2023-06-28T03:24:20 IST" name="Default test" finished-at="2023-06-28T03:25:05 IST" duration-ms="44434">
      <class name="uipage.InstagramSignUp">
        <test-method is-config="true" signature="driverSetup()[pri:0, instance:uipage.InstagramSignUp@78691363]" started-at="2023-06-28T03:24:20 IST" name="driverSetup" finished-at="2023-06-28T03:24:24 IST" duration-ms="3704" status="PASS">
          <reporter-output>
          </reporter-output>
        </test-method> <!-- driverSetup -->
        <test-method signature="SignUp()[pri:0, instance:uipage.InstagramSignUp@78691363]" started-at="2023-06-28T03:24:24 IST" name="SignUp" finished-at="2023-06-28T03:25:05 IST" duration-ms="40662" status="PASS">
          <reporter-output>
          </reporter-output>
        </test-method> <!-- SignUp -->
      </class> <!-- uipage.InstagramSignUp -->
    </test> <!-- Default test -->
  </suite> <!-- Default suite -->
</testng-results>
